<?xml version="1.0" encoding="UTF-8"?>
<testng-results ignored="0" total="1" passed="1" failed="0" skipped="0">
  <reporter-output>
  </reporter-output>
  <suite started-at="2025-01-08T11:43:47 IST" name="All Test Suite" finished-at="2025-01-08T11:44:15 IST" duration-ms="27875">
    <groups>
    </groups>
    <test started-at="2025-01-08T11:43:47 IST" name="C:/Users/Lenovo/IdeaProjects/RestAssuredPractice" finished-at="2025-01-08T11:44:15 IST" duration-ms="27875">
      <class name="runjenkinstest.CrossBrowserTesting">
        <test-method signature="startBrowser()[pri:0, instance:runjenkinstest.CrossBrowserTesting@5f058f00]" started-at="2025-01-08T11:43:47 IST" name="startBrowser" finished-at="2025-01-08T11:44:15 IST" duration-ms="27753" status="PASS">
          <reporter-output>
          </reporter-output>
        </test-method> <!-- startBrowser -->
      </class> <!-- runjenkinstest.CrossBrowserTesting -->
    </test> <!-- C:/Users/Lenovo/IdeaProjects/RestAssuredPractice -->
  </suite> <!-- All Test Suite -->
</testng-results>
